{"name":"Register","id":"register-successfully;register","testSteps":[{"number":1,"description":"Given I find myself on the page","duration":2965,"startTime":"2025-01-20T08:29:58.274-05:00[America/Bogota]","screenshots":[{"screenshot":"dd3919ea9dfa8de5f88a00f21544ad3ce0f4401c7475d37aca08c558965c54a0.png","timeStamp":1737379801238}],"result":"SUCCESS","precondition":false,"level":0},{"number":2,"description":"When I go to the registration module","duration":8608,"startTime":"2025-01-20T08:30:01.240-05:00[America/Bogota]","screenshots":[{"screenshot":"dd3919ea9dfa8de5f88a00f21544ad3ce0f4401c7475d37aca08c558965c54a0.png","timeStamp":1737379801246}],"exception":{"errorType":"net.thucydides.core.webdriver.exceptions.ElementShouldBeEnabledException","message":"Expected enabled element was not enabled","stackTrace":[{"declaringClass":"com.utest.automation.tasks.Register","methodName":"performAs","fileName":"Register.java","lineNumber":26},{"declaringClass":"com.utest.automation.stepdefinitions.RegisterStepDefinitions","methodName":"IGoToTheRegistrationModule","fileName":"RegisterStepDefinitions.java","lineNumber":37},{"declaringClass":"cucumber.runner.Runner","methodName":"runPickle","fileName":"Runner.java","lineNumber":80},{"declaringClass":"worker.org.gradle.process.internal.worker.GradleWorkerMain","methodName":"run","fileName":"GradleWorkerMain.java","lineNumber":69},{"declaringClass":"worker.org.gradle.process.internal.worker.GradleWorkerMain","methodName":"main","fileName":"GradleWorkerMain.java","lineNumber":74}],"rootCause":{"errorType":"org.openqa.selenium.TimeoutException","message":"Expected condition failed: waiting for By.xpath: //option[@label \u003d\u0027April\u0027] to be enabled (tried for 5 second(s) with 100 milliseconds interval)","stackTrace":[{"declaringClass":"com.utest.automation.tasks.Register","methodName":"performAs","fileName":"Register.java","lineNumber":26},{"declaringClass":"com.utest.automation.stepdefinitions.RegisterStepDefinitions","methodName":"IGoToTheRegistrationModule","fileName":"RegisterStepDefinitions.java","lineNumber":37},{"declaringClass":"cucumber.runner.Runner","methodName":"runPickle","fileName":"Runner.java","lineNumber":80},{"declaringClass":"worker.org.gradle.process.internal.worker.GradleWorkerMain","methodName":"run","fileName":"GradleWorkerMain.java","lineNumber":69},{"declaringClass":"worker.org.gradle.process.internal.worker.GradleWorkerMain","methodName":"main","fileName":"GradleWorkerMain.java","lineNumber":74}],"rootCause":{"errorType":"org.openqa.selenium.NoSuchElementException","message":"no such element: Unable to locate element: {\"method\":\"xpath\",\"selector\":\"//option[@label \u003d\u0027April\u0027]\"}\n  (Session info: chrome\u003d132.0.6834.84)\nFor documentation on this error, please visit: https://www.seleniumhq.org/exceptions/no_such_element.html\nBuild info: version: \u00273.141.59\u0027, revision: \u0027e82be7d358\u0027, time: \u00272018-11-14T08:17:03\u0027\nSystem info: host: \u0027ESTEBAN_PC\u0027, ip: \u0027172.19.32.1\u0027, os.name: \u0027Windows 11\u0027, os.arch: \u0027amd64\u0027, os.version: \u002710.0\u0027, java.version: \u00271.8.0_412\u0027\nDriver info: org.openqa.selenium.chrome.ChromeDriver\nCapabilities {acceptInsecureCerts: false, browserName: chrome, browserVersion: 132.0.6834.84, chrome: {chromedriverVersion: 132.0.6834.83 (03d59cf5ecf1..., userDataDir: C:\\Users\\ESTEBAN\\AppData\\Lo...}, fedcm:accounts: true, goog:chromeOptions: {debuggerAddress: localhost:26924}, javascriptEnabled: true, networkConnectionEnabled: false, pageLoadStrategy: normal, platform: WINDOWS, platformName: WINDOWS, proxy: Proxy(), setWindowRect: true, strictFileInteractability: false, timeouts: {implicit: 0, pageLoad: 300000, script: 30000}, unhandledPromptBehavior: dismiss and notify, webauthn:extension:credBlob: true, webauthn:extension:largeBlob: true, webauthn:extension:minPinLength: true, webauthn:extension:prf: true, webauthn:virtualAuthenticators: true}\nSession ID: 6a30d442d81e0d5d52c2463b63eb1de3\n*** Element info: {Using\u003dxpath, value\u003d//option[@label \u003d\u0027April\u0027]}","stackTrace":[{"declaringClass":"com.utest.automation.tasks.Register","methodName":"performAs","fileName":"Register.java","lineNumber":26},{"declaringClass":"com.utest.automation.stepdefinitions.RegisterStepDefinitions","methodName":"IGoToTheRegistrationModule","fileName":"RegisterStepDefinitions.java","lineNumber":37},{"declaringClass":"cucumber.runner.Runner","methodName":"runPickle","fileName":"Runner.java","lineNumber":80},{"declaringClass":"worker.org.gradle.process.internal.worker.GradleWorkerMain","methodName":"run","fileName":"GradleWorkerMain.java","lineNumber":69},{"declaringClass":"worker.org.gradle.process.internal.worker.GradleWorkerMain","methodName":"main","fileName":"GradleWorkerMain.java","lineNumber":74}]}}},"result":"FAILURE","precondition":false,"level":0,"children":[{"number":3,"description":"Esteban register","duration":8463,"startTime":"2025-01-20T08:30:01.378-05:00[America/Bogota]","screenshots":[{"screenshot":"83abed597081565edb300359dacfb330550e7c2c5a5ae9a893c2c44d7210d010.png","timeStamp":1737379801798}],"exception":{"errorType":"net.thucydides.core.webdriver.exceptions.ElementShouldBeEnabledException","message":"Expected enabled element was not enabled","stackTrace":[{"declaringClass":"com.utest.automation.tasks.Register","methodName":"performAs","fileName":"Register.java","lineNumber":26},{"declaringClass":"com.utest.automation.stepdefinitions.RegisterStepDefinitions","methodName":"IGoToTheRegistrationModule","fileName":"RegisterStepDefinitions.java","lineNumber":37},{"declaringClass":"cucumber.runner.Runner","methodName":"runPickle","fileName":"Runner.java","lineNumber":80},{"declaringClass":"worker.org.gradle.process.internal.worker.GradleWorkerMain","methodName":"run","fileName":"GradleWorkerMain.java","lineNumber":69},{"declaringClass":"worker.org.gradle.process.internal.worker.GradleWorkerMain","methodName":"main","fileName":"GradleWorkerMain.java","lineNumber":74}],"rootCause":{"errorType":"org.openqa.selenium.TimeoutException","message":"Expected condition failed: waiting for By.xpath: //option[@label \u003d\u0027April\u0027] to be enabled (tried for 5 second(s) with 100 milliseconds interval)","stackTrace":[{"declaringClass":"com.utest.automation.tasks.Register","methodName":"performAs","fileName":"Register.java","lineNumber":26},{"declaringClass":"com.utest.automation.stepdefinitions.RegisterStepDefinitions","methodName":"IGoToTheRegistrationModule","fileName":"RegisterStepDefinitions.java","lineNumber":37},{"declaringClass":"cucumber.runner.Runner","methodName":"runPickle","fileName":"Runner.java","lineNumber":80},{"declaringClass":"worker.org.gradle.process.internal.worker.GradleWorkerMain","methodName":"run","fileName":"GradleWorkerMain.java","lineNumber":69},{"declaringClass":"worker.org.gradle.process.internal.worker.GradleWorkerMain","methodName":"main","fileName":"GradleWorkerMain.java","lineNumber":74}],"rootCause":{"errorType":"org.openqa.selenium.NoSuchElementException","message":"no such element: Unable to locate element: {\"method\":\"xpath\",\"selector\":\"//option[@label \u003d\u0027April\u0027]\"}\n  (Session info: chrome\u003d132.0.6834.84)\nFor documentation on this error, please visit: https://www.seleniumhq.org/exceptions/no_such_element.html\nBuild info: version: \u00273.141.59\u0027, revision: \u0027e82be7d358\u0027, time: \u00272018-11-14T08:17:03\u0027\nSystem info: host: \u0027ESTEBAN_PC\u0027, ip: \u0027172.19.32.1\u0027, os.name: \u0027Windows 11\u0027, os.arch: \u0027amd64\u0027, os.version: \u002710.0\u0027, java.version: \u00271.8.0_412\u0027\nDriver info: org.openqa.selenium.chrome.ChromeDriver\nCapabilities {acceptInsecureCerts: false, browserName: chrome, browserVersion: 132.0.6834.84, chrome: {chromedriverVersion: 132.0.6834.83 (03d59cf5ecf1..., userDataDir: C:\\Users\\ESTEBAN\\AppData\\Lo...}, fedcm:accounts: true, goog:chromeOptions: {debuggerAddress: localhost:26924}, javascriptEnabled: true, networkConnectionEnabled: false, pageLoadStrategy: normal, platform: WINDOWS, platformName: WINDOWS, proxy: Proxy(), setWindowRect: true, strictFileInteractability: false, timeouts: {implicit: 0, pageLoad: 300000, script: 30000}, unhandledPromptBehavior: dismiss and notify, webauthn:extension:credBlob: true, webauthn:extension:largeBlob: true, webauthn:extension:minPinLength: true, webauthn:extension:prf: true, webauthn:virtualAuthenticators: true}\nSession ID: 6a30d442d81e0d5d52c2463b63eb1de3\n*** Element info: {Using\u003dxpath, value\u003d//option[@label \u003d\u0027April\u0027]}","stackTrace":[{"declaringClass":"com.utest.automation.tasks.Register","methodName":"performAs","fileName":"Register.java","lineNumber":26},{"declaringClass":"com.utest.automation.stepdefinitions.RegisterStepDefinitions","methodName":"IGoToTheRegistrationModule","fileName":"RegisterStepDefinitions.java","lineNumber":37},{"declaringClass":"cucumber.runner.Runner","methodName":"runPickle","fileName":"Runner.java","lineNumber":80},{"declaringClass":"worker.org.gradle.process.internal.worker.GradleWorkerMain","methodName":"run","fileName":"GradleWorkerMain.java","lineNumber":69},{"declaringClass":"worker.org.gradle.process.internal.worker.GradleWorkerMain","methodName":"main","fileName":"GradleWorkerMain.java","lineNumber":74}]}}},"result":"FAILURE","precondition":false,"level":1,"children":[{"number":4,"description":"Esteban clicks on Button Register","duration":484,"startTime":"2025-01-20T08:30:02.015-05:00[America/Bogota]","screenshots":[{"screenshot":"83abed597081565edb300359dacfb330550e7c2c5a5ae9a893c2c44d7210d010.png","timeStamp":1737379802187},{"screenshot":"88f9a9ae2523fc027c798a9f9541c7d2c2ae62a7b7d29992a6c639ad6e9124e8.png","timeStamp":1737379802499}],"result":"SUCCESS","precondition":false,"level":2},{"number":5,"description":"Esteban enters \u0027NameTest\u0027 into Input First Name","duration":681,"startTime":"2025-01-20T08:30:02.503-05:00[America/Bogota]","screenshots":[{"screenshot":"88f9a9ae2523fc027c798a9f9541c7d2c2ae62a7b7d29992a6c639ad6e9124e8.png","timeStamp":1737379802510},{"screenshot":"80dcb320def13c1303159d0067f9a247cc74bcb11ecbba026e2d80480aa1fe77.png","timeStamp":1737379803184}],"result":"SUCCESS","precondition":false,"level":2},{"number":6,"description":"Esteban enters \u0027LastNameTest\u0027 into Input Last Name","duration":447,"startTime":"2025-01-20T08:30:03.185-05:00[America/Bogota]","screenshots":[{"screenshot":"80dcb320def13c1303159d0067f9a247cc74bcb11ecbba026e2d80480aa1fe77.png","timeStamp":1737379803190},{"screenshot":"fbb6a055b7d7de91c9fd095472119365b3a4d2e5c147bbcb9d73bafcc912364a.png","timeStamp":1737379803631}],"result":"SUCCESS","precondition":false,"level":2},{"number":7,"description":"Esteban enters \u0027Pruebas@puebatest.com\u0027 into Input Email Address","duration":457,"startTime":"2025-01-20T08:30:03.633-05:00[America/Bogota]","screenshots":[{"screenshot":"fbb6a055b7d7de91c9fd095472119365b3a4d2e5c147bbcb9d73bafcc912364a.png","timeStamp":1737379803638},{"screenshot":"93d57c2e1523d964c07e439c314ed60cbeeffc8f161ca8954dbd0b4d07e8a8ef.png","timeStamp":1737379804090}],"result":"SUCCESS","precondition":false,"level":2},{"number":8,"description":"Esteban clicks on Select Month of birth","duration":366,"startTime":"2025-01-20T08:30:04.091-05:00[America/Bogota]","screenshots":[{"screenshot":"93d57c2e1523d964c07e439c314ed60cbeeffc8f161ca8954dbd0b4d07e8a8ef.png","timeStamp":1737379804097},{"screenshot":"f707b5a155375e3ca1da9cbd9ab6be56deb3881260d65e08ffb70c257b1ac830.png","timeStamp":1737379804457}],"result":"SUCCESS","precondition":false,"level":2},{"number":9,"description":"Esteban clicks on My Month","duration":5374,"startTime":"2025-01-20T08:30:04.458-05:00[America/Bogota]","screenshots":[{"screenshot":"f707b5a155375e3ca1da9cbd9ab6be56deb3881260d65e08ffb70c257b1ac830.png","timeStamp":1737379804463},{"screenshot":"96c9969bca1dc1dd1eb5fd1a930d21949d725ce7dd59ce154a911cb770199f84.png","htmlSource":"pagesource5596294226802079303.html.txt","timeStamp":1737379809827}],"exception":{"errorType":"net.thucydides.core.webdriver.exceptions.ElementShouldBeEnabledException","message":"Expected enabled element was not enabled","stackTrace":[{"declaringClass":"com.utest.automation.tasks.Register","methodName":"performAs","fileName":"Register.java","lineNumber":26},{"declaringClass":"com.utest.automation.stepdefinitions.RegisterStepDefinitions","methodName":"IGoToTheRegistrationModule","fileName":"RegisterStepDefinitions.java","lineNumber":37},{"declaringClass":"cucumber.runner.Runner","methodName":"runPickle","fileName":"Runner.java","lineNumber":80},{"declaringClass":"worker.org.gradle.process.internal.worker.GradleWorkerMain","methodName":"run","fileName":"GradleWorkerMain.java","lineNumber":69},{"declaringClass":"worker.org.gradle.process.internal.worker.GradleWorkerMain","methodName":"main","fileName":"GradleWorkerMain.java","lineNumber":74}],"rootCause":{"errorType":"org.openqa.selenium.TimeoutException","message":"Expected condition failed: waiting for By.xpath: //option[@label \u003d\u0027April\u0027] to be enabled (tried for 5 second(s) with 100 milliseconds interval)","stackTrace":[{"declaringClass":"com.utest.automation.tasks.Register","methodName":"performAs","fileName":"Register.java","lineNumber":26},{"declaringClass":"com.utest.automation.stepdefinitions.RegisterStepDefinitions","methodName":"IGoToTheRegistrationModule","fileName":"RegisterStepDefinitions.java","lineNumber":37},{"declaringClass":"cucumber.runner.Runner","methodName":"runPickle","fileName":"Runner.java","lineNumber":80},{"declaringClass":"worker.org.gradle.process.internal.worker.GradleWorkerMain","methodName":"run","fileName":"GradleWorkerMain.java","lineNumber":69},{"declaringClass":"worker.org.gradle.process.internal.worker.GradleWorkerMain","methodName":"main","fileName":"GradleWorkerMain.java","lineNumber":74}],"rootCause":{"errorType":"org.openqa.selenium.NoSuchElementException","message":"no such element: Unable to locate element: {\"method\":\"xpath\",\"selector\":\"//option[@label \u003d\u0027April\u0027]\"}\n  (Session info: chrome\u003d132.0.6834.84)\nFor documentation on this error, please visit: https://www.seleniumhq.org/exceptions/no_such_element.html\nBuild info: version: \u00273.141.59\u0027, revision: \u0027e82be7d358\u0027, time: \u00272018-11-14T08:17:03\u0027\nSystem info: host: \u0027ESTEBAN_PC\u0027, ip: \u0027172.19.32.1\u0027, os.name: \u0027Windows 11\u0027, os.arch: \u0027amd64\u0027, os.version: \u002710.0\u0027, java.version: \u00271.8.0_412\u0027\nDriver info: org.openqa.selenium.chrome.ChromeDriver\nCapabilities {acceptInsecureCerts: false, browserName: chrome, browserVersion: 132.0.6834.84, chrome: {chromedriverVersion: 132.0.6834.83 (03d59cf5ecf1..., userDataDir: C:\\Users\\ESTEBAN\\AppData\\Lo...}, fedcm:accounts: true, goog:chromeOptions: {debuggerAddress: localhost:26924}, javascriptEnabled: true, networkConnectionEnabled: false, pageLoadStrategy: normal, platform: WINDOWS, platformName: WINDOWS, proxy: Proxy(), setWindowRect: true, strictFileInteractability: false, timeouts: {implicit: 0, pageLoad: 300000, script: 30000}, unhandledPromptBehavior: dismiss and notify, webauthn:extension:credBlob: true, webauthn:extension:largeBlob: true, webauthn:extension:minPinLength: true, webauthn:extension:prf: true, webauthn:virtualAuthenticators: true}\nSession ID: 6a30d442d81e0d5d52c2463b63eb1de3\n*** Element info: {Using\u003dxpath, value\u003d//option[@label \u003d\u0027April\u0027]}","stackTrace":[{"declaringClass":"com.utest.automation.tasks.Register","methodName":"performAs","fileName":"Register.java","lineNumber":26},{"declaringClass":"com.utest.automation.stepdefinitions.RegisterStepDefinitions","methodName":"IGoToTheRegistrationModule","fileName":"RegisterStepDefinitions.java","lineNumber":37},{"declaringClass":"cucumber.runner.Runner","methodName":"runPickle","fileName":"Runner.java","lineNumber":80},{"declaringClass":"worker.org.gradle.process.internal.worker.GradleWorkerMain","methodName":"run","fileName":"GradleWorkerMain.java","lineNumber":69},{"declaringClass":"worker.org.gradle.process.internal.worker.GradleWorkerMain","methodName":"main","fileName":"GradleWorkerMain.java","lineNumber":74}]}}},"result":"FAILURE","precondition":false,"level":2}]}]},{"number":10,"description":"Then I can register successfully","duration":7,"startTime":"2025-01-20T08:30:09.859-05:00[America/Bogota]","result":"SKIPPED","precondition":false,"level":0}],"userStory":{"id":"register-successfully","storyName":"Register successfully","path":"src/test/resources/features/register.feature","narrative":"  I need to register on the uTest page","type":"feature"},"featureTag":{"name":"Features/Register successfully","type":"feature","displayName":"Features/Register successfully"},"title":"Register","tags":[{"name":"Register","type":"tag","displayName":"Register"},{"name":"Register successfully","type":"feature","displayName":"Register successfully"}],"startTime":"2025-01-20T08:29:58.180-05:00[America/Bogota]","duration":11687,"testFailureCause":{"errorType":"net.thucydides.core.webdriver.exceptions.ElementShouldBeEnabledException","message":"Expected enabled element was not enabled","stackTrace":[{"declaringClass":"com.utest.automation.tasks.Register","methodName":"performAs","fileName":"Register.java","lineNumber":26},{"declaringClass":"com.utest.automation.stepdefinitions.RegisterStepDefinitions","methodName":"IGoToTheRegistrationModule","fileName":"RegisterStepDefinitions.java","lineNumber":37},{"declaringClass":"cucumber.runner.Runner","methodName":"runPickle","fileName":"Runner.java","lineNumber":80},{"declaringClass":"worker.org.gradle.process.internal.worker.GradleWorkerMain","methodName":"run","fileName":"GradleWorkerMain.java","lineNumber":69},{"declaringClass":"worker.org.gradle.process.internal.worker.GradleWorkerMain","methodName":"main","fileName":"GradleWorkerMain.java","lineNumber":74}],"rootCause":{"errorType":"org.openqa.selenium.TimeoutException","message":"Expected condition failed: waiting for By.xpath: //option[@label \u003d\u0027April\u0027] to be enabled (tried for 5 second(s) with 100 milliseconds interval)","stackTrace":[{"declaringClass":"com.utest.automation.tasks.Register","methodName":"performAs","fileName":"Register.java","lineNumber":26},{"declaringClass":"com.utest.automation.stepdefinitions.RegisterStepDefinitions","methodName":"IGoToTheRegistrationModule","fileName":"RegisterStepDefinitions.java","lineNumber":37},{"declaringClass":"cucumber.runner.Runner","methodName":"runPickle","fileName":"Runner.java","lineNumber":80},{"declaringClass":"worker.org.gradle.process.internal.worker.GradleWorkerMain","methodName":"run","fileName":"GradleWorkerMain.java","lineNumber":69},{"declaringClass":"worker.org.gradle.process.internal.worker.GradleWorkerMain","methodName":"main","fileName":"GradleWorkerMain.java","lineNumber":74}],"rootCause":{"errorType":"org.openqa.selenium.NoSuchElementException","message":"no such element: Unable to locate element: {\"method\":\"xpath\",\"selector\":\"//option[@label \u003d\u0027April\u0027]\"}\n  (Session info: chrome\u003d132.0.6834.84)\nFor documentation on this error, please visit: https://www.seleniumhq.org/exceptions/no_such_element.html\nBuild info: version: \u00273.141.59\u0027, revision: \u0027e82be7d358\u0027, time: \u00272018-11-14T08:17:03\u0027\nSystem info: host: \u0027ESTEBAN_PC\u0027, ip: \u0027172.19.32.1\u0027, os.name: \u0027Windows 11\u0027, os.arch: \u0027amd64\u0027, os.version: \u002710.0\u0027, java.version: \u00271.8.0_412\u0027\nDriver info: org.openqa.selenium.chrome.ChromeDriver\nCapabilities {acceptInsecureCerts: false, browserName: chrome, browserVersion: 132.0.6834.84, chrome: {chromedriverVersion: 132.0.6834.83 (03d59cf5ecf1..., userDataDir: C:\\Users\\ESTEBAN\\AppData\\Lo...}, fedcm:accounts: true, goog:chromeOptions: {debuggerAddress: localhost:26924}, javascriptEnabled: true, networkConnectionEnabled: false, pageLoadStrategy: normal, platform: WINDOWS, platformName: WINDOWS, proxy: Proxy(), setWindowRect: true, strictFileInteractability: false, timeouts: {implicit: 0, pageLoad: 300000, script: 30000}, unhandledPromptBehavior: dismiss and notify, webauthn:extension:credBlob: true, webauthn:extension:largeBlob: true, webauthn:extension:minPinLength: true, webauthn:extension:prf: true, webauthn:virtualAuthenticators: true}\nSession ID: 6a30d442d81e0d5d52c2463b63eb1de3\n*** Element info: {Using\u003dxpath, value\u003d//option[@label \u003d\u0027April\u0027]}","stackTrace":[{"declaringClass":"com.utest.automation.tasks.Register","methodName":"performAs","fileName":"Register.java","lineNumber":26},{"declaringClass":"com.utest.automation.stepdefinitions.RegisterStepDefinitions","methodName":"IGoToTheRegistrationModule","fileName":"RegisterStepDefinitions.java","lineNumber":37},{"declaringClass":"cucumber.runner.Runner","methodName":"runPickle","fileName":"Runner.java","lineNumber":80},{"declaringClass":"worker.org.gradle.process.internal.worker.GradleWorkerMain","methodName":"run","fileName":"GradleWorkerMain.java","lineNumber":69},{"declaringClass":"worker.org.gradle.process.internal.worker.GradleWorkerMain","methodName":"main","fileName":"GradleWorkerMain.java","lineNumber":74}]}}},"testFailureClassname":"net.thucydides.core.webdriver.exceptions.ElementShouldBeEnabledException","testFailureMessage":"Expected enabled element was not enabled","testFailureSummary":"FAILURE;net.thucydides.core.webdriver.exceptions.ElementShouldBeEnabledException;Expected enabled element was not enabled;Register.java","projectKey":"","annotatedResult":"FAILURE","sessionId":"6a30d442d81e0d5d52c2463b63eb1de3","driver":"chrome","isManualTestingUpToDate":false,"manual":false,"testSource":"Cucumber","actors":[{"name":"Esteban","can":["browse the web"]}],"result":"FAILURE"}